<?xml version="1.0" encoding="UTF-8"?>
<testng-results skipped="0" failed="0" total="1" passed="1">
  <reporter-output>
  </reporter-output>
  <suite name="Suite" duration-ms="22169" started-at="2018-08-09T06:48:00Z" finished-at="2018-08-09T06:48:22Z">
    <groups>
    </groups>
    <test name="Test" duration-ms="22169" started-at="2018-08-09T06:48:00Z" finished-at="2018-08-09T06:48:22Z">
      <class name="moFramework.CsHome">
        <test-method status="PASS" signature="CsWww()[pri:0, instance:moFramework.CsHome@6979e8cb]" name="CsWww" duration-ms="22151" started-at="2018-08-08T23:48:00Z" finished-at="2018-08-08T23:48:22Z">
          <reporter-output>
          </reporter-output>
        </test-method> <!-- CsWww -->
      </class> <!-- moFramework.CsHome -->
    </test> <!-- Test -->
  </suite> <!-- Suite -->
</testng-results>
